[2024-06-26 15:05:56,503: INFO: <stdin>: >>>>>> stage Data Ingestion stage started <<<<<<]
[2024-06-26 15:05:56,509: ERROR: <stdin>: name 'DataIngestionTrainingPipeline' is not defined]
Traceback (most recent call last):
  File "<stdin>", line 3, in <module>
NameError: name 'DataIngestionTrainingPipeline' is not defined
[2024-06-26 15:05:56,580: INFO: <stdin>: >>>>>> stage Data Validation stage started <<<<<<]
[2024-06-26 15:05:56,581: ERROR: <stdin>: name 'DataValidationTrainingPipeline' is not defined]
Traceback (most recent call last):
  File "<stdin>", line 3, in <module>
NameError: name 'DataValidationTrainingPipeline' is not defined
[2024-06-26 15:05:56,654: INFO: <stdin>: >>>>>> stage Data Transformation stage started <<<<<<]
[2024-06-26 15:05:56,656: ERROR: <stdin>: name 'DataTransformationTrainingPipeline' is not defined]
Traceback (most recent call last):
  File "<stdin>", line 3, in <module>
NameError: name 'DataTransformationTrainingPipeline' is not defined
[2024-06-26 15:05:56,804: INFO: <stdin>: *******************]
[2024-06-26 15:05:56,806: INFO: <stdin>: >>>>>> stage Model Trainer stage started <<<<<<]
[2024-06-26 15:05:56,808: ERROR: <stdin>: name 'ModelTrainerTrainingPipeline' is not defined]
Traceback (most recent call last):
  File "<stdin>", line 4, in <module>
NameError: name 'ModelTrainerTrainingPipeline' is not defined
[2024-06-26 15:05:56,843: INFO: <stdin>: *******************]
[2024-06-26 15:05:56,845: INFO: <stdin>: >>>>>> stage Model Evaluation stage started <<<<<<]
[2024-06-26 15:05:56,847: ERROR: <stdin>: name 'ModelEvaluationTrainingPipeline' is not defined]
Traceback (most recent call last):
  File "<stdin>", line 4, in <module>
NameError: name 'ModelEvaluationTrainingPipeline' is not defined
[2024-06-26 15:08:47,247: INFO: <stdin>: >>>>>> stage Data Ingestion stage started <<<<<<]
[2024-06-26 15:08:47,249: ERROR: <stdin>: name 'DataIngestionTrainingPipeline' is not defined]
Traceback (most recent call last):
  File "<stdin>", line 3, in <module>
NameError: name 'DataIngestionTrainingPipeline' is not defined
[2024-06-26 15:08:47,320: INFO: <stdin>: >>>>>> stage Data Validation stage started <<<<<<]
[2024-06-26 15:08:47,321: ERROR: <stdin>: name 'DataValidationTrainingPipeline' is not defined]
Traceback (most recent call last):
  File "<stdin>", line 3, in <module>
NameError: name 'DataValidationTrainingPipeline' is not defined
[2024-06-26 15:08:47,396: INFO: <stdin>: >>>>>> stage Data Transformation stage started <<<<<<]
[2024-06-26 15:08:47,397: ERROR: <stdin>: name 'DataTransformationTrainingPipeline' is not defined]
Traceback (most recent call last):
  File "<stdin>", line 3, in <module>
NameError: name 'DataTransformationTrainingPipeline' is not defined
[2024-06-26 15:08:47,495: INFO: <stdin>: *******************]
[2024-06-26 15:08:47,495: INFO: <stdin>: >>>>>> stage Model Trainer stage started <<<<<<]
[2024-06-26 15:08:47,495: ERROR: <stdin>: name 'ModelTrainerTrainingPipeline' is not defined]
Traceback (most recent call last):
  File "<stdin>", line 4, in <module>
NameError: name 'ModelTrainerTrainingPipeline' is not defined
[2024-06-26 15:08:47,529: INFO: <stdin>: *******************]
[2024-06-26 15:08:47,529: INFO: <stdin>: >>>>>> stage Model Evaluation stage started <<<<<<]
[2024-06-26 15:08:47,530: ERROR: <stdin>: name 'ModelEvaluationTrainingPipeline' is not defined]
Traceback (most recent call last):
  File "<stdin>", line 4, in <module>
NameError: name 'ModelEvaluationTrainingPipeline' is not defined
[2024-06-26 15:11:30,627: INFO: <stdin>: welcome]
[2024-06-26 19:23:47,769: INFO: common: yaml file: config\config.yaml loaded successfully]
[2024-06-26 19:23:47,798: INFO: common: yaml file: params.yaml loaded successfully]
[2024-06-26 19:23:47,812: INFO: common: created directory at: artifacts]
[2024-06-26 19:23:47,830: INFO: common: created directory at: artifacts/data_ingestion]
[2024-06-26 19:24:30,623: INFO: 1434958058: artifacts/data_ingestion/data.zip download! with following info: 
Connection: close
Content-Length: 7903594
Cache-Control: max-age=300
Content-Security-Policy: default-src 'none'; style-src 'unsafe-inline'; sandbox
Content-Type: application/zip
ETag: "dbc016a060da18070593b83afff580c9b300f0b6ea4147a7988433e04df246ca"
Strict-Transport-Security: max-age=31536000
X-Content-Type-Options: nosniff
X-Frame-Options: deny
X-XSS-Protection: 1; mode=block
X-GitHub-Request-Id: 9354:312284:20E6F5:27D82F:667C1B9C
Accept-Ranges: bytes
Date: Wed, 26 Jun 2024 13:53:44 GMT
Via: 1.1 varnish
X-Served-By: cache-maa10237-MAA
X-Cache: HIT
X-Cache-Hits: 1
X-Timer: S1719410025.832152,VS0,VE8
Vary: Authorization,Accept-Encoding,Origin
Access-Control-Allow-Origin: *
Cross-Origin-Resource-Policy: cross-origin
X-Fastly-Request-ID: 8a34301737fc6db732650e8fc4275812a4ece08f
Expires: Wed, 26 Jun 2024 13:58:44 GMT
Source-Age: 5

]
[2024-06-26 19:41:39,819: INFO: <stdin>: >>>>>> stage Data Ingestion stage started <<<<<<]
[2024-06-26 19:41:39,819: ERROR: <stdin>: name 'DataIngestionTrainingPipeline' is not defined]
Traceback (most recent call last):
  File "<stdin>", line 3, in <module>
NameError: name 'DataIngestionTrainingPipeline' is not defined
[2024-06-26 19:41:39,853: INFO: <stdin>: >>>>>> stage Data Validation stage started <<<<<<]
[2024-06-26 19:41:39,855: ERROR: <stdin>: name 'DataValidationTrainingPipeline' is not defined]
Traceback (most recent call last):
  File "<stdin>", line 3, in <module>
NameError: name 'DataValidationTrainingPipeline' is not defined
[2024-06-26 19:41:39,878: INFO: <stdin>: >>>>>> stage Data Transformation stage started <<<<<<]
[2024-06-26 19:41:39,878: ERROR: <stdin>: name 'DataTransformationTrainingPipeline' is not defined]
Traceback (most recent call last):
  File "<stdin>", line 3, in <module>
NameError: name 'DataTransformationTrainingPipeline' is not defined
[2024-06-26 19:41:39,912: INFO: <stdin>: *******************]
[2024-06-26 19:41:39,912: INFO: <stdin>: >>>>>> stage Model Trainer stage started <<<<<<]
[2024-06-26 19:41:39,918: ERROR: <stdin>: name 'ModelTrainerTrainingPipeline' is not defined]
Traceback (most recent call last):
  File "<stdin>", line 4, in <module>
NameError: name 'ModelTrainerTrainingPipeline' is not defined
[2024-06-26 19:41:39,943: INFO: <stdin>: *******************]
[2024-06-26 19:41:39,951: INFO: <stdin>: >>>>>> stage Model Evaluation stage started <<<<<<]
[2024-06-26 19:41:39,951: ERROR: <stdin>: name 'ModelEvaluationTrainingPipeline' is not defined]
Traceback (most recent call last):
  File "<stdin>", line 4, in <module>
NameError: name 'ModelEvaluationTrainingPipeline' is not defined
[2024-06-26 19:42:18,151: INFO: <stdin>: >>>>>> stage Data Ingestion stage started <<<<<<]
[2024-06-26 19:42:18,152: ERROR: <stdin>: name 'DataIngestionTrainingPipeline' is not defined]
Traceback (most recent call last):
  File "<stdin>", line 3, in <module>
NameError: name 'DataIngestionTrainingPipeline' is not defined
[2024-06-26 19:43:10,088: INFO: main: welcome]
[2024-06-26 20:04:38,905: INFO: utils: NumExpr defaulting to 8 threads.]
[2024-06-26 20:04:41,197: INFO: config: PyTorch version 1.12.1 available.]
[2024-06-26 20:04:58,021: INFO: main: >>>>>> stage Data Ingestion stage started <<<<<<]
[2024-06-26 20:04:58,038: INFO: common: yaml file: config\config.yaml loaded successfully]
[2024-06-26 20:04:58,054: INFO: common: yaml file: params.yaml loaded successfully]
[2024-06-26 20:04:58,065: INFO: common: created directory at: artifacts]
[2024-06-26 20:04:58,075: INFO: common: created directory at: artifacts/data_ingestion]
[2024-06-26 20:05:19,501: INFO: data_ingestion: artifacts/data_ingestion/data.zip download! with following info: 
Connection: close
Content-Length: 7903594
Cache-Control: max-age=300
Content-Security-Policy: default-src 'none'; style-src 'unsafe-inline'; sandbox
Content-Type: application/zip
ETag: "dbc016a060da18070593b83afff580c9b300f0b6ea4147a7988433e04df246ca"
Strict-Transport-Security: max-age=31536000
X-Content-Type-Options: nosniff
X-Frame-Options: deny
X-XSS-Protection: 1; mode=block
X-GitHub-Request-Id: 9354:312284:20E6F5:27D82F:667C1B9C
Accept-Ranges: bytes
Date: Wed, 26 Jun 2024 14:34:55 GMT
Via: 1.1 varnish
X-Served-By: cache-maa10243-MAA
X-Cache: HIT
X-Cache-Hits: 0
X-Timer: S1719412495.249823,VS0,VE282
Vary: Authorization,Accept-Encoding,Origin
Access-Control-Allow-Origin: *
Cross-Origin-Resource-Policy: cross-origin
X-Fastly-Request-ID: 00e594c15c2e11719edc13a1ec4b818ab035dee7
Expires: Wed, 26 Jun 2024 14:39:55 GMT
Source-Age: 0

]
[2024-06-26 20:05:20,319: INFO: main: >>>>>> stage Data Ingestion stage completed <<<<<<

x==========x]
[2024-06-26 20:05:20,319: INFO: main: >>>>>> stage Data Validation stage started <<<<<<]
[2024-06-26 20:05:20,357: INFO: common: yaml file: config\config.yaml loaded successfully]
[2024-06-26 20:05:20,374: INFO: common: yaml file: params.yaml loaded successfully]
[2024-06-26 20:05:20,379: INFO: common: created directory at: artifacts]
[2024-06-26 20:05:20,587: INFO: common: created directory at: artifacts/data_validation]
[2024-06-26 20:05:20,679: INFO: main: >>>>>> stage Data Validation stage completed <<<<<<

x==========x]
[2024-06-26 20:05:20,679: INFO: main: >>>>>> stage Data Transformation stage started <<<<<<]
[2024-06-26 20:05:20,732: INFO: common: yaml file: config\config.yaml loaded successfully]
[2024-06-26 20:05:20,746: INFO: common: yaml file: params.yaml loaded successfully]
[2024-06-26 20:05:20,755: INFO: common: created directory at: artifacts]
[2024-06-26 20:05:20,776: INFO: common: created directory at: artifacts/data_transformation]
[2024-06-26 20:05:44,817: INFO: main: >>>>>> stage Data Transformation stage completed <<<<<<

x==========x]
[2024-06-26 20:05:44,819: INFO: main: *******************]
[2024-06-26 20:05:44,821: INFO: main: >>>>>> stage Model Trainer stage started <<<<<<]
[2024-06-26 20:05:44,838: INFO: common: yaml file: config\config.yaml loaded successfully]
[2024-06-26 20:05:44,852: INFO: common: yaml file: params.yaml loaded successfully]
[2024-06-26 20:05:44,856: INFO: common: created directory at: artifacts]
[2024-06-26 20:05:44,857: ERROR: main: "'ConfigBox' object has no attribute 'trainingarguments'"]
Traceback (most recent call last):
  File "box\box.py", line 503, in box.box.Box.__getitem__
KeyError: 'TrainingArguments'

The above exception was the direct cause of the following exception:

Traceback (most recent call last):
  File "box\box.py", line 536, in box.box.Box.__getattr__
  File "box\box.py", line 524, in box.box.Box.__getitem__
box.exceptions.BoxKeyError: "'TrainingArguments'"

During handling of the above exception, another exception occurred:

Traceback (most recent call last):
  File "box\box.py", line 538, in box.box.Box.__getattr__
AttributeError: 'ConfigBox' object has no attribute 'TrainingArguments'

The above exception was the direct cause of the following exception:

Traceback (most recent call last):
  File "box\config_box.py", line 28, in box.config_box.ConfigBox.__getattr__
  File "box\box.py", line 552, in box.box.Box.__getattr__
box.exceptions.BoxKeyError: "'ConfigBox' object has no attribute 'TrainingArguments'"

During handling of the above exception, another exception occurred:

Traceback (most recent call last):
  File "box\box.py", line 503, in box.box.Box.__getitem__
KeyError: 'trainingarguments'

The above exception was the direct cause of the following exception:

Traceback (most recent call last):
  File "box\box.py", line 536, in box.box.Box.__getattr__
  File "box\box.py", line 524, in box.box.Box.__getitem__
box.exceptions.BoxKeyError: "'trainingarguments'"

During handling of the above exception, another exception occurred:

Traceback (most recent call last):
  File "box\box.py", line 538, in box.box.Box.__getattr__
AttributeError: 'ConfigBox' object has no attribute 'trainingarguments'

The above exception was the direct cause of the following exception:

Traceback (most recent call last):
  File "H:\My Drive\Text-Summarization-NLP-Project\main.py", line 50, in <module>
    model_trainer.main()
  File "h:\my drive\text-summarization-nlp-project\src\textSummarizer\pipeline\stage_04_model_trainer.py", line 12, in main
    model_trainer_config = config.get_model_trainer_config()
  File "h:\my drive\text-summarization-nlp-project\src\textSummarizer\config\configuration.py", line 70, in get_model_trainer_config
    params = self.params.TrainingArguments
  File "box\config_box.py", line 30, in box.config_box.ConfigBox.__getattr__
  File "box\box.py", line 552, in box.box.Box.__getattr__
box.exceptions.BoxKeyError: "'ConfigBox' object has no attribute 'trainingarguments'"
[2024-06-26 20:12:10,490: INFO: common: yaml file: config\config.yaml loaded successfully]
[2024-06-26 20:12:10,512: INFO: common: yaml file: params.yaml loaded successfully]
[2024-06-26 20:12:10,512: INFO: common: created directory at: artifacts]
[2024-06-26 20:12:10,522: INFO: common: created directory at: artifacts/data_validation]
[2024-06-26 20:23:33,018: INFO: utils: NumExpr defaulting to 8 threads.]
[2024-06-26 20:23:33,847: INFO: config: PyTorch version 1.12.1 available.]
[2024-06-26 20:24:27,220: INFO: common: yaml file: config\config.yaml loaded successfully]
[2024-06-26 20:24:27,241: INFO: common: yaml file: params.yaml loaded successfully]
[2024-06-26 20:24:27,245: INFO: common: created directory at: artifacts]
[2024-06-26 20:24:27,251: INFO: common: created directory at: artifacts/data_transformation]
[2024-06-26 20:24:40,194: WARNING: base_comm: No such comm: 3e1407724ac849b0a193693b975ce8d0]
[2024-06-26 20:24:40,204: WARNING: base_comm: No such comm: f62a08e36dc642e99ec683c1034a60b7]
[2024-06-26 20:24:40,217: WARNING: base_comm: No such comm: 04a02315f55340bba79f13cff975d167]
[2024-06-26 20:24:40,233: WARNING: base_comm: No such comm: aa952ec7b62f494ca3c404c8273e08cd]
[2024-06-26 20:24:40,244: WARNING: base_comm: No such comm: ae5d9c740dfd46c59e71ac99ea2fd807]
[2024-06-26 20:24:40,258: WARNING: base_comm: No such comm: 41df68011d6b4ec6a7eea06483b14f8a]
[2024-06-26 20:24:40,270: WARNING: base_comm: No such comm: 9dccbc81e7574ea299eaafa392789b71]
[2024-06-26 20:24:40,279: WARNING: base_comm: No such comm: 1475626ec4d240059d32b9f670a197f1]
[2024-06-26 20:24:40,293: WARNING: base_comm: No such comm: e16b44cef9ec4bc1b0dcfbaf78999464]
[2024-06-26 20:24:40,312: WARNING: base_comm: No such comm: e50420df51844b8198edc5a156fba4e6]
[2024-06-26 20:24:40,321: WARNING: base_comm: No such comm: 0c44324d963f4e1598ef376a2b98de67]
[2024-06-26 20:24:40,418: WARNING: base_comm: No such comm: 2e2b1baa67f74ed882a9193b17c400e0]
[2024-06-26 20:24:40,428: WARNING: base_comm: No such comm: 0da281f2645444b78bcadc70fa472ce8]
[2024-06-26 20:24:40,438: WARNING: base_comm: No such comm: d846175679d54c83b2febdb06ccefbc6]
[2024-06-26 20:24:40,450: WARNING: base_comm: No such comm: 1a711b47c8c74fa4b303b2dc3964f13f]
[2024-06-26 20:24:40,458: WARNING: base_comm: No such comm: 84710f65c43e4dec85edb80a16b5eb53]
[2024-06-26 20:24:40,469: WARNING: base_comm: No such comm: 92ab486091be4e91a1a7cfdc8863c94f]
[2024-06-26 20:24:40,478: WARNING: base_comm: No such comm: 5f601a1ea8ad4a628936324f0615f621]
[2024-06-26 20:24:40,490: WARNING: base_comm: No such comm: 2e75fa0ba25b4fb6ae88390a1e7ac404]
[2024-06-26 20:24:40,500: WARNING: base_comm: No such comm: ebe572c394e0452daba4c2de1dcf2366]
[2024-06-26 20:24:40,510: WARNING: base_comm: No such comm: a2362735785a4990b25e9cada48c7a63]
[2024-06-26 20:24:40,520: WARNING: base_comm: No such comm: 2fa69b03b8cb4dd59c5bd701841f2728]
[2024-06-26 20:24:40,668: WARNING: base_comm: No such comm: 733eefa4cb9f405b9c7883f6f87464f2]
[2024-06-26 20:24:40,731: WARNING: base_comm: No such comm: 545caab69852498dac2b7aff0b3a49bd]
[2024-06-26 20:24:40,740: WARNING: base_comm: No such comm: 633020b22f3748cf971281aae95e4afd]
[2024-06-26 20:24:40,751: WARNING: base_comm: No such comm: 0f10b8e64da847418b70a28d994dc73d]
[2024-06-26 20:24:40,768: WARNING: base_comm: No such comm: 5b714c19857f4ffb8a6f2c2d2edaf5b9]
[2024-06-26 20:24:40,780: WARNING: base_comm: No such comm: c861c8bad2b640ac85d0c8fe49ca56ea]
[2024-06-26 20:24:40,788: WARNING: base_comm: No such comm: d18b7ad06cd84a80b8efad2a9b3e39c4]
[2024-06-26 20:24:40,801: WARNING: base_comm: No such comm: 61945f87b3f44fc9a2022bfa3c7880f7]
[2024-06-26 20:24:41,026: WARNING: base_comm: No such comm: 8abda5efcf8e40f883799842e9d217ea]
[2024-06-26 20:24:41,045: WARNING: base_comm: No such comm: ade7e3e23ecf4758ba147250e2d665e8]
[2024-06-26 20:24:41,064: WARNING: base_comm: No such comm: 27fadb841ab84257a7d994e640f9c19f]
[2024-06-26 20:24:41,172: WARNING: base_comm: No such comm: fd200adc8f38465f82d2c151c8b5b361]
[2024-06-26 20:24:41,185: WARNING: base_comm: No such comm: 045f2143296b44cfa9eb36823c7356fe]
[2024-06-26 20:24:41,197: WARNING: base_comm: No such comm: 12d4e0dfdf5b492f9d447870f804447a]
[2024-06-26 20:24:41,204: WARNING: base_comm: No such comm: bb39608ba42144b7b6fa8419c9c54eb4]
[2024-06-26 20:24:41,214: WARNING: base_comm: No such comm: 1929c387dcff4537b2a96589c61a0a1b]
[2024-06-26 20:24:41,226: WARNING: base_comm: No such comm: 17c52f31c9a44cad997e1189df0652db]
[2024-06-26 20:24:41,237: WARNING: base_comm: No such comm: 3b4274ac178246e787c72fb39dbf3369]
[2024-06-26 20:24:41,248: WARNING: base_comm: No such comm: 746e12855dd54ff6991dfacbd22733af]
[2024-06-26 20:24:41,259: WARNING: base_comm: No such comm: 982657872d50498d91b75d11b8935b08]
[2024-06-26 20:24:41,272: WARNING: base_comm: No such comm: 4c1aac39931e46ef84dede73f0ee535e]
[2024-06-26 20:24:41,281: WARNING: base_comm: No such comm: 10d6d5e251f9405499727f39a7fa9743]
[2024-06-26 20:24:41,320: WARNING: base_comm: No such comm: 3b06df7295bf44c5a987c4217f74e777]
[2024-06-26 20:24:41,438: WARNING: base_comm: No such comm: 6d2329b7f44b42dfa39576cbd1dbb87f]
[2024-06-26 20:24:41,448: WARNING: base_comm: No such comm: 7010647134f64430bcb5bc660569a53f]
[2024-06-26 20:24:41,463: WARNING: base_comm: No such comm: 1999662ceacb486b9615f35df97a239d]
[2024-06-26 20:24:41,474: WARNING: base_comm: No such comm: a2c9c6afdb0740aebf5e76acf0470352]
[2024-06-26 20:24:41,488: WARNING: base_comm: No such comm: 744c0c6cbf524f5681fc57bdad9bfe45]
[2024-06-26 20:24:41,501: WARNING: base_comm: No such comm: b3e71bf6a1cd48dda891f41664e26799]
[2024-06-26 20:24:41,512: WARNING: base_comm: No such comm: 50b5ae4f04bf42eeb69cf35b10bebb3c]
[2024-06-26 20:24:41,524: WARNING: base_comm: No such comm: 8260846264694a00aeae6836dba21140]
[2024-06-26 20:24:41,537: WARNING: base_comm: No such comm: 215c5d89b7b14df29f96f7fb715ad5ec]
[2024-06-26 20:24:41,546: WARNING: base_comm: No such comm: 1665ceffab4f4afb9aee0124767fcf02]
[2024-06-26 20:24:41,568: WARNING: base_comm: No such comm: eb4897a07f904b438f315368510491d7]
[2024-06-26 20:24:41,648: WARNING: base_comm: No such comm: 2ad684dadb0447b8a40709363efe4bee]
[2024-06-26 20:24:41,655: WARNING: base_comm: No such comm: eaf000dc772944a38c37eed7d2bd1f19]
[2024-06-26 20:24:41,666: WARNING: base_comm: No such comm: b6f6f79da8af45b8ada0e0fa6664f726]
[2024-06-26 20:24:41,675: WARNING: base_comm: No such comm: 41aa87df37344cc0977cc0e5bb3b977e]
[2024-06-26 20:24:41,686: WARNING: base_comm: No such comm: 9cef0299efe74f82a58d57c979b00f8a]
[2024-06-26 20:24:41,691: WARNING: base_comm: No such comm: 93c6d0b9c7d94b5f9b7790dfbff7ada8]
[2024-06-26 20:24:41,702: WARNING: base_comm: No such comm: c8dd1e3ed534469a841e3bbe8f71dbeb]
[2024-06-26 20:24:41,709: WARNING: base_comm: No such comm: 29b66d718ae24e63a7f0d9aca2acb98d]
[2024-06-26 20:24:41,720: WARNING: base_comm: No such comm: d113459a08f447acbf22ee22653df372]
[2024-06-26 20:24:41,728: WARNING: base_comm: No such comm: 756c9483a5d54f2da0e087f73f418098]
[2024-06-26 20:35:19,972: INFO: utils: NumExpr defaulting to 8 threads.]
[2024-06-26 20:35:20,726: INFO: config: PyTorch version 1.12.1 available.]
[2024-06-26 20:38:34,877: INFO: common: yaml file: config\config.yaml loaded successfully]
[2024-06-26 20:38:34,905: INFO: common: yaml file: params.yaml loaded successfully]
[2024-06-26 20:38:34,910: INFO: common: created directory at: artifacts]
[2024-06-26 20:38:34,928: INFO: common: created directory at: artifacts/model_trainer]
[2024-06-26 22:09:49,346: INFO: utils: NumExpr defaulting to 8 threads.]
[2024-06-26 22:09:51,425: INFO: config: PyTorch version 1.12.1 available.]
[2024-06-26 22:10:13,407: INFO: common: yaml file: config\config.yaml loaded successfully]
[2024-06-26 22:10:13,464: INFO: common: yaml file: params.yaml loaded successfully]
[2024-06-26 22:10:13,477: INFO: common: created directory at: artifacts]
[2024-06-26 22:10:13,545: INFO: common: created directory at: artifacts/model_evaluation]
[2024-06-26 22:11:06,144: INFO: common: yaml file: config\config.yaml loaded successfully]
[2024-06-26 22:11:06,172: INFO: common: yaml file: params.yaml loaded successfully]
[2024-06-26 22:11:06,182: INFO: common: created directory at: artifacts]
[2024-06-26 22:11:06,193: INFO: common: created directory at: artifacts/model_evaluation]
[2024-06-26 22:13:44,168: INFO: utils: NumExpr defaulting to 8 threads.]
[2024-06-26 22:13:45,713: INFO: config: PyTorch version 1.12.1 available.]
[2024-06-26 22:24:17,821: INFO: utils: NumExpr defaulting to 8 threads.]
[2024-06-26 22:24:18,359: INFO: config: PyTorch version 1.12.1 available.]
[2024-06-26 22:24:22,121: INFO: main: >>>>>> stage Data Ingestion stage started <<<<<<]
[2024-06-26 22:24:22,137: INFO: common: yaml file: config\config.yaml loaded successfully]
[2024-06-26 22:24:22,137: INFO: common: yaml file: params.yaml loaded successfully]
[2024-06-26 22:24:22,156: INFO: common: created directory at: artifacts]
[2024-06-26 22:24:22,167: INFO: common: created directory at: artifacts/data_ingestion]
[2024-06-26 22:25:03,287: INFO: data_ingestion: artifacts/data_ingestion/data.zip download! with following info: 
Connection: close
Content-Length: 7903594
Cache-Control: max-age=300
Content-Security-Policy: default-src 'none'; style-src 'unsafe-inline'; sandbox
Content-Type: application/zip
ETag: "dbc016a060da18070593b83afff580c9b300f0b6ea4147a7988433e04df246ca"
Strict-Transport-Security: max-age=31536000
X-Content-Type-Options: nosniff
X-Frame-Options: deny
X-XSS-Protection: 1; mode=block
X-GitHub-Request-Id: 9354:312284:20E6F5:27D82F:667C1B9C
Accept-Ranges: bytes
Date: Wed, 26 Jun 2024 16:54:19 GMT
Via: 1.1 varnish
X-Served-By: cache-maa10249-MAA
X-Cache: HIT
X-Cache-Hits: 0
X-Timer: S1719420860.603740,VS0,VE303
Vary: Authorization,Accept-Encoding,Origin
Access-Control-Allow-Origin: *
Cross-Origin-Resource-Policy: cross-origin
X-Fastly-Request-ID: f3214ec31c6332e09aa12834f207f9f5b6b7fe1f
Expires: Wed, 26 Jun 2024 16:59:19 GMT
Source-Age: 0

]
[2024-06-26 22:25:03,988: INFO: main: >>>>>> stage Data Ingestion stage completed <<<<<<

x==========x]
[2024-06-26 22:25:03,988: INFO: main: >>>>>> stage Data Validation stage started <<<<<<]
[2024-06-26 22:25:04,004: INFO: common: yaml file: config\config.yaml loaded successfully]
[2024-06-26 22:25:04,029: INFO: common: yaml file: params.yaml loaded successfully]
[2024-06-26 22:25:04,037: INFO: common: created directory at: artifacts]
[2024-06-26 22:25:04,043: INFO: common: created directory at: artifacts/data_validation]
[2024-06-26 22:25:04,127: INFO: main: >>>>>> stage Data Validation stage completed <<<<<<

x==========x]
[2024-06-26 22:25:04,127: INFO: main: >>>>>> stage Data Transformation stage started <<<<<<]
[2024-06-26 22:25:04,144: INFO: common: yaml file: config\config.yaml loaded successfully]
[2024-06-26 22:25:04,157: INFO: common: yaml file: params.yaml loaded successfully]
[2024-06-26 22:25:04,160: INFO: common: created directory at: artifacts]
[2024-06-26 22:25:04,173: INFO: common: created directory at: artifacts/data_transformation]
[2024-06-26 22:25:20,690: INFO: main: >>>>>> stage Data Transformation stage completed <<<<<<

x==========x]
[2024-06-26 22:25:20,690: INFO: main: *******************]
[2024-06-26 22:25:20,690: INFO: main: >>>>>> stage Model Trainer stage started <<<<<<]
[2024-06-26 22:25:20,724: INFO: common: yaml file: config\config.yaml loaded successfully]
[2024-06-26 22:25:20,746: INFO: common: yaml file: params.yaml loaded successfully]
[2024-06-26 22:25:20,750: INFO: common: created directory at: artifacts]
[2024-06-26 22:25:20,770: INFO: common: created directory at: artifacts/model_trainer]
[2024-06-27 01:58:46,950: INFO: common: yaml file: config\config.yaml loaded successfully]
[2024-06-27 01:58:46,968: INFO: common: yaml file: params.yaml loaded successfully]
[2024-06-27 01:58:46,999: INFO: common: created directory at: artifacts]
[2024-06-27 01:58:47,014: INFO: common: created directory at: artifacts/data_ingestion]
[2024-06-27 01:59:08,659: INFO: 1434958058: artifacts/data_ingestion/data.zip download! with following info: 
Connection: close
Content-Length: 7903594
Cache-Control: max-age=300
Content-Security-Policy: default-src 'none'; style-src 'unsafe-inline'; sandbox
Content-Type: application/zip
ETag: "dbc016a060da18070593b83afff580c9b300f0b6ea4147a7988433e04df246ca"
Strict-Transport-Security: max-age=31536000
X-Content-Type-Options: nosniff
X-Frame-Options: deny
X-XSS-Protection: 1; mode=block
X-GitHub-Request-Id: F359:DC6F:24DC5:2BDAF:667C79FB
Accept-Ranges: bytes
Date: Wed, 26 Jun 2024 20:28:44 GMT
Via: 1.1 varnish
X-Served-By: cache-maa10231-MAA
X-Cache: MISS
X-Cache-Hits: 0
X-Timer: S1719433724.126683,VS0,VE783
Vary: Authorization,Accept-Encoding,Origin
Access-Control-Allow-Origin: *
Cross-Origin-Resource-Policy: cross-origin
X-Fastly-Request-ID: 6680da5bf5617f32f7109f8a181fac126d16746f
Expires: Wed, 26 Jun 2024 20:33:44 GMT
Source-Age: 0

]
[2024-06-27 01:59:32,475: INFO: common: yaml file: config\config.yaml loaded successfully]
[2024-06-27 01:59:32,499: INFO: common: yaml file: params.yaml loaded successfully]
[2024-06-27 01:59:32,508: INFO: common: created directory at: artifacts]
[2024-06-27 01:59:32,521: INFO: common: created directory at: artifacts/data_validation]
[2024-06-27 01:59:58,988: INFO: utils: NumExpr defaulting to 8 threads.]
[2024-06-27 02:00:01,866: INFO: config: PyTorch version 1.12.1 available.]
[2024-06-27 02:00:03,940: INFO: common: yaml file: config\config.yaml loaded successfully]
[2024-06-27 02:00:03,965: INFO: common: yaml file: params.yaml loaded successfully]
[2024-06-27 02:00:03,967: INFO: common: created directory at: artifacts]
[2024-06-27 02:00:03,991: INFO: common: created directory at: artifacts/data_transformation]
[2024-06-27 02:00:28,900: WARNING: base_comm: No such comm: a3d73ebb4bc34846accb0af9d0815dfb]
[2024-06-27 02:00:28,916: WARNING: base_comm: No such comm: 5b933169f86d440fba9373c72d077567]
[2024-06-27 02:00:28,931: WARNING: base_comm: No such comm: f3d0338d874c43c08a37850d81768bb6]
[2024-06-27 02:00:28,947: WARNING: base_comm: No such comm: ee8690ab3f5a4effa02070bd3d61b44e]
[2024-06-27 02:00:28,963: WARNING: base_comm: No such comm: 1b51469ceb6845d8b0325df3a45e97b6]
[2024-06-27 02:00:28,983: WARNING: base_comm: No such comm: 3b75d6d9931c4bb694178396946f023d]
[2024-06-27 02:00:28,989: WARNING: base_comm: No such comm: 75377d7e77b14ebf8ea3aeb79d654e27]
[2024-06-27 02:00:29,005: WARNING: base_comm: No such comm: d81c31eaf5ec4e68a79d0b4e67f7383d]
[2024-06-27 02:00:29,020: WARNING: base_comm: No such comm: 014ec0973b3e48928243ca1f89b361d4]
[2024-06-27 02:00:29,035: WARNING: base_comm: No such comm: d81da90b7f264685920eebf6fa48dcd5]
[2024-06-27 02:00:29,048: WARNING: base_comm: No such comm: e4bac365b1f14f4794841333306c0bf4]
[2024-06-27 02:00:29,207: WARNING: base_comm: No such comm: 94a74dad7ac241829e153d96a8152a58]
[2024-06-27 02:00:29,237: WARNING: base_comm: No such comm: 40d32f8a74704578a9b13871455dc820]
[2024-06-27 02:00:29,273: WARNING: base_comm: No such comm: 73ee8a5c406e483fa774925a2da38a26]
[2024-06-27 02:00:29,311: WARNING: base_comm: No such comm: a70b9dc7cb4c4dbdb5be601f0b371889]
[2024-06-27 02:00:29,343: WARNING: base_comm: No such comm: 1a79a6b288394450b92f00916d4f3e77]
[2024-06-27 02:00:29,383: WARNING: base_comm: No such comm: 34a4c54ce23f4c259de17c3c0a624fa7]
[2024-06-27 02:00:29,427: WARNING: base_comm: No such comm: 071e8ba371c04191bb41cec459c366a7]
[2024-06-27 02:00:29,482: WARNING: base_comm: No such comm: a7af554c364b471e90ef34128121f4d5]
[2024-06-27 02:00:29,530: WARNING: base_comm: No such comm: cc7196998b8246a484af1a43280e9cb2]
[2024-06-27 02:00:29,543: WARNING: base_comm: No such comm: 67029ada52784679936ecb23ab700588]
[2024-06-27 02:00:29,558: WARNING: base_comm: No such comm: 9440f2c9f96b41728fb56a749851fe71]
[2024-06-27 02:00:29,589: WARNING: base_comm: No such comm: d37054c47f7e40878d9dd91816439a61]
[2024-06-27 02:00:29,652: WARNING: base_comm: No such comm: 2a8a6f59be634f98988b124785297950]
[2024-06-27 02:00:29,668: WARNING: base_comm: No such comm: 8bd9c99f564f489aa731f4794e056f5e]
[2024-06-27 02:00:29,684: WARNING: base_comm: No such comm: 94e7aa8492a34ee08e5f874f8b25ef29]
[2024-06-27 02:00:29,699: WARNING: base_comm: No such comm: db9c4726556a4e36a374bd1a1d2501c6]
[2024-06-27 02:00:29,777: WARNING: base_comm: No such comm: 51a30bb1873f45cbbac9508a45a234d5]
[2024-06-27 02:00:29,793: WARNING: base_comm: No such comm: da4200f6a83146f3ba226a5fc456fd9b]
[2024-06-27 02:00:29,809: WARNING: base_comm: No such comm: 7ab675f91b454949a32b419a64d7c497]
[2024-06-27 02:00:29,826: WARNING: base_comm: No such comm: d11595397c29454dbd40a75d2a91c51d]
[2024-06-27 02:00:29,826: WARNING: base_comm: No such comm: b804b6cedbef4ba4b39ad244d7d72449]
[2024-06-27 02:00:29,855: WARNING: base_comm: No such comm: cefa10676f5d402ebccec072e0df3548]
[2024-06-27 02:00:29,903: WARNING: base_comm: No such comm: 5178ee75d5bc42ef8c1be74c4e14f7ad]
[2024-06-27 02:00:29,920: WARNING: base_comm: No such comm: e8c70aace64a4fe5bad43f4cb9ccefd1]
[2024-06-27 02:00:29,934: WARNING: base_comm: No such comm: 81c80b5733d2442ba762f804cf069c3e]
[2024-06-27 02:00:30,020: WARNING: base_comm: No such comm: 8057b73792f4402f941295ec2d6137b7]
[2024-06-27 02:00:30,030: WARNING: base_comm: No such comm: 651c8870aff24180a93e50035bc6be46]
[2024-06-27 02:00:30,041: WARNING: base_comm: No such comm: 283318c43db442c6b960e3dffb304def]
[2024-06-27 02:00:30,055: WARNING: base_comm: No such comm: 2f06c649f0274334bd0d49ba7a2b01af]
[2024-06-27 02:00:30,069: WARNING: base_comm: No such comm: 523128f7bf8b41c2a12bb738633ab7d2]
[2024-06-27 02:00:30,081: WARNING: base_comm: No such comm: b890f307293a49909308db2c66421182]
[2024-06-27 02:00:30,092: WARNING: base_comm: No such comm: c3b2000de8cc4c98b0ad46a8e14cae9c]
[2024-06-27 02:00:30,103: WARNING: base_comm: No such comm: 9cd4dc75a9b94c308f3fb3eb540b6278]
[2024-06-27 02:00:30,121: WARNING: base_comm: No such comm: c967a4c137da4280b54b3ab9f95dca40]
[2024-06-27 02:00:30,147: WARNING: base_comm: No such comm: a4abc9a43e2f49a6aeb6e1ef064616c9]
[2024-06-27 02:00:30,174: WARNING: base_comm: No such comm: 815f6c18dfe34b719ef191dc5993d309]
[2024-06-27 02:00:30,187: WARNING: base_comm: No such comm: 1f1ff4ae4daa44fab526a030e2bbc103]
[2024-06-27 02:00:30,198: WARNING: base_comm: No such comm: ac5c2e3c8f19448d9f7e86d6ee90952b]
[2024-06-27 02:00:30,271: WARNING: base_comm: No such comm: 47f267744222415c964c99c344518146]
[2024-06-27 02:00:30,282: WARNING: base_comm: No such comm: 426630ba98bb42ae933252b198e8279f]
[2024-06-27 02:00:30,299: WARNING: base_comm: No such comm: d165cce0808149d3ace8a2c6c7f8e538]
[2024-06-27 02:00:30,315: WARNING: base_comm: No such comm: 12d50b3f473b4a35b4cb5a92c6d8d8f6]
[2024-06-27 02:00:30,330: WARNING: base_comm: No such comm: be0e02997fa142f9a965370a539ac9c9]
[2024-06-27 02:00:30,342: WARNING: base_comm: No such comm: d807f5f753554c9f96c6752d6bc876b5]
[2024-06-27 02:00:30,366: WARNING: base_comm: No such comm: f4fd473864ac43eeadc26e50bee0f916]
[2024-06-27 02:00:30,469: WARNING: base_comm: No such comm: 2afc35608e974375918ab71399467e0e]
[2024-06-27 02:00:30,483: WARNING: base_comm: No such comm: 635d7a692cf8442d9c05bb96ba22cee1]
[2024-06-27 02:00:30,500: WARNING: base_comm: No such comm: e18f3ff8e1f04386afca2a64298605fe]
[2024-06-27 02:00:30,518: WARNING: base_comm: No such comm: 71727ca7d10748b0b974815d2a802ebe]
[2024-06-27 02:00:30,535: WARNING: base_comm: No such comm: 900dc1bfd0d448859cb3f274f251df14]
[2024-06-27 02:00:30,546: WARNING: base_comm: No such comm: 2e71b108958b453a95a6203654eea98f]
[2024-06-27 02:00:30,562: WARNING: base_comm: No such comm: e03ddfd96a4944fbb98764840a471918]
[2024-06-27 02:00:30,583: WARNING: base_comm: No such comm: e9a6083a13d244eaa88200bbcb67189a]
[2024-06-27 02:00:30,604: WARNING: base_comm: No such comm: 4e301a7450b244109286fcdb88f1b3d1]
[2024-06-27 02:00:30,615: WARNING: base_comm: No such comm: 9ef4da7f7f3444d9b150cf9e039c318f]
[2024-06-27 02:01:07,924: INFO: utils: NumExpr defaulting to 8 threads.]
[2024-06-27 02:01:09,106: INFO: config: PyTorch version 1.12.1 available.]
[2024-06-27 02:01:13,222: INFO: common: yaml file: config\config.yaml loaded successfully]
[2024-06-27 02:01:13,234: INFO: common: yaml file: params.yaml loaded successfully]
[2024-06-27 02:01:13,234: INFO: common: created directory at: artifacts]
[2024-06-27 02:01:13,255: INFO: common: created directory at: artifacts/model_trainer]
[2024-06-27 02:03:02,015: WARNING: base_comm: No such comm: c03a9f7587c24fa1a54f044994aefe9f]
[2024-06-27 02:03:02,062: WARNING: base_comm: No such comm: c03a9f7587c24fa1a54f044994aefe9f]
[2024-06-27 02:03:02,046: WARNING: base_comm: No such comm: c03a9f7587c24fa1a54f044994aefe9f]
[2024-06-27 02:03:02,077: WARNING: base_comm: No such comm: c03a9f7587c24fa1a54f044994aefe9f]
[2024-06-27 02:03:02,093: WARNING: base_comm: No such comm: c03a9f7587c24fa1a54f044994aefe9f]
[2024-06-27 02:03:02,124: WARNING: base_comm: No such comm: c03a9f7587c24fa1a54f044994aefe9f]
[2024-06-27 02:03:02,202: WARNING: base_comm: No such comm: c03a9f7587c24fa1a54f044994aefe9f]
[2024-06-27 02:03:02,218: WARNING: base_comm: No such comm: c03a9f7587c24fa1a54f044994aefe9f]
[2024-06-27 02:03:02,234: WARNING: base_comm: No such comm: c03a9f7587c24fa1a54f044994aefe9f]
[2024-06-27 02:03:02,312: WARNING: base_comm: No such comm: 981182a92075465eacedb782e64a682a]
[2024-06-27 02:03:02,327: WARNING: base_comm: No such comm: 981182a92075465eacedb782e64a682a]
[2024-06-27 02:03:02,359: WARNING: base_comm: No such comm: 981182a92075465eacedb782e64a682a]
[2024-06-27 02:03:02,687: WARNING: base_comm: No such comm: 981182a92075465eacedb782e64a682a]
[2024-06-27 02:03:02,734: WARNING: base_comm: No such comm: 981182a92075465eacedb782e64a682a]
[2024-06-27 02:03:02,765: WARNING: base_comm: No such comm: 981182a92075465eacedb782e64a682a]
[2024-06-27 02:03:02,780: WARNING: base_comm: No such comm: 190488d2c0dd459b963fd0a53c7d93ce]
[2024-06-27 02:03:02,812: WARNING: base_comm: No such comm: 190488d2c0dd459b963fd0a53c7d93ce]
[2024-06-27 02:03:02,874: WARNING: base_comm: No such comm: 190488d2c0dd459b963fd0a53c7d93ce]
[2024-06-27 02:03:02,937: WARNING: base_comm: No such comm: 0829f24f124041009893ea21dfc1d8af]
[2024-06-27 02:03:02,968: WARNING: base_comm: No such comm: 0829f24f124041009893ea21dfc1d8af]
[2024-06-27 02:03:03,046: WARNING: base_comm: No such comm: 0829f24f124041009893ea21dfc1d8af]
[2024-06-27 02:03:03,124: WARNING: base_comm: No such comm: 981182a92075465eacedb782e64a682a]
[2024-06-27 02:03:03,171: WARNING: base_comm: No such comm: 981182a92075465eacedb782e64a682a]
[2024-06-27 02:03:03,202: WARNING: base_comm: No such comm: 981182a92075465eacedb782e64a682a]
[2024-06-27 02:03:03,218: WARNING: base_comm: No such comm: 190488d2c0dd459b963fd0a53c7d93ce]
[2024-06-27 02:03:03,249: WARNING: base_comm: No such comm: 5844fd113ac34a70aa7c040aa2cedba2]
[2024-06-27 02:03:03,249: WARNING: base_comm: No such comm: 190488d2c0dd459b963fd0a53c7d93ce]
[2024-06-27 02:03:03,265: WARNING: base_comm: No such comm: 5844fd113ac34a70aa7c040aa2cedba2]
[2024-06-27 02:03:03,265: WARNING: base_comm: No such comm: 190488d2c0dd459b963fd0a53c7d93ce]
[2024-06-27 02:03:03,280: WARNING: base_comm: No such comm: 52e8ce3ae214416eb70d4cb59497c7f8]
[2024-06-27 02:03:03,296: WARNING: base_comm: No such comm: 0829f24f124041009893ea21dfc1d8af]
[2024-06-27 02:03:03,312: WARNING: base_comm: No such comm: 52e8ce3ae214416eb70d4cb59497c7f8]
[2024-06-27 02:03:03,359: WARNING: base_comm: No such comm: 52e8ce3ae214416eb70d4cb59497c7f8]
[2024-06-27 02:03:03,405: WARNING: base_comm: No such comm: 0829f24f124041009893ea21dfc1d8af]
[2024-06-27 02:03:03,437: WARNING: base_comm: No such comm: 8faa9bf1decd47a4b14bde270cc50c54]
[2024-06-27 02:03:03,468: WARNING: base_comm: No such comm: 8faa9bf1decd47a4b14bde270cc50c54]
[2024-06-27 02:03:03,499: WARNING: base_comm: No such comm: 190488d2c0dd459b963fd0a53c7d93ce]
[2024-06-27 02:03:03,530: WARNING: base_comm: No such comm: 87946243f2fc40eaa77bc389dc274e72]
[2024-06-27 02:03:03,546: WARNING: base_comm: No such comm: 87946243f2fc40eaa77bc389dc274e72]
[2024-06-27 02:03:03,577: WARNING: base_comm: No such comm: 0829f24f124041009893ea21dfc1d8af]
[2024-06-27 02:03:03,593: WARNING: base_comm: No such comm: 5844fd113ac34a70aa7c040aa2cedba2]
[2024-06-27 02:03:03,609: WARNING: base_comm: No such comm: 5844fd113ac34a70aa7c040aa2cedba2]
[2024-06-27 02:03:03,640: WARNING: base_comm: No such comm: 0829f24f124041009893ea21dfc1d8af]
[2024-06-27 02:03:03,640: WARNING: base_comm: No such comm: 52e8ce3ae214416eb70d4cb59497c7f8]
[2024-06-27 02:03:03,655: WARNING: base_comm: No such comm: 89ee2a7927264cfc8fe4a857507e7689]
[2024-06-27 02:03:03,671: WARNING: base_comm: No such comm: 52e8ce3ae214416eb70d4cb59497c7f8]
[2024-06-27 02:03:03,687: WARNING: base_comm: No such comm: 8faa9bf1decd47a4b14bde270cc50c54]
[2024-06-27 02:03:03,687: WARNING: base_comm: No such comm: 52e8ce3ae214416eb70d4cb59497c7f8]
[2024-06-27 02:03:03,734: WARNING: base_comm: No such comm: 12d8cbc8c691484295dfee492f8db6e3]
[2024-06-27 02:03:03,734: WARNING: base_comm: No such comm: 8faa9bf1decd47a4b14bde270cc50c54]
[2024-06-27 02:03:03,749: WARNING: base_comm: No such comm: 12d8cbc8c691484295dfee492f8db6e3]
[2024-06-27 02:03:03,749: WARNING: base_comm: No such comm: 5844fd113ac34a70aa7c040aa2cedba2]
[2024-06-27 02:03:03,765: WARNING: base_comm: No such comm: d258191499d643689765bbba1d3e9727]
[2024-06-27 02:03:03,765: WARNING: base_comm: No such comm: 5844fd113ac34a70aa7c040aa2cedba2]
[2024-06-27 02:03:03,796: WARNING: base_comm: No such comm: 5844fd113ac34a70aa7c040aa2cedba2]
[2024-06-27 02:03:03,812: WARNING: base_comm: No such comm: 87946243f2fc40eaa77bc389dc274e72]
[2024-06-27 02:03:03,843: WARNING: base_comm: No such comm: 87946243f2fc40eaa77bc389dc274e72]
[2024-06-27 02:03:03,859: WARNING: base_comm: No such comm: 87946243f2fc40eaa77bc389dc274e72]
[2024-06-27 02:03:03,890: WARNING: base_comm: No such comm: 89ee2a7927264cfc8fe4a857507e7689]
[2024-06-27 02:03:03,905: WARNING: base_comm: No such comm: 89ee2a7927264cfc8fe4a857507e7689]
[2024-06-27 02:03:03,937: WARNING: base_comm: No such comm: 89ee2a7927264cfc8fe4a857507e7689]
[2024-06-27 02:03:03,952: WARNING: base_comm: No such comm: 12d8cbc8c691484295dfee492f8db6e3]
[2024-06-27 02:03:03,968: WARNING: base_comm: No such comm: 12d8cbc8c691484295dfee492f8db6e3]
[2024-06-27 02:03:03,999: WARNING: base_comm: No such comm: 12d8cbc8c691484295dfee492f8db6e3]
[2024-06-27 02:03:03,999: WARNING: base_comm: No such comm: 52e8ce3ae214416eb70d4cb59497c7f8]
[2024-06-27 02:03:04,015: WARNING: base_comm: No such comm: 52e8ce3ae214416eb70d4cb59497c7f8]
[2024-06-27 02:03:04,030: WARNING: base_comm: No such comm: 52e8ce3ae214416eb70d4cb59497c7f8]
[2024-06-27 02:03:04,046: WARNING: base_comm: No such comm: d258191499d643689765bbba1d3e9727]
[2024-06-27 02:03:04,062: WARNING: base_comm: No such comm: d258191499d643689765bbba1d3e9727]
[2024-06-27 02:03:04,077: WARNING: base_comm: No such comm: d258191499d643689765bbba1d3e9727]
[2024-06-27 02:03:04,093: WARNING: base_comm: No such comm: 87946243f2fc40eaa77bc389dc274e72]
[2024-06-27 02:03:04,109: WARNING: base_comm: No such comm: 87946243f2fc40eaa77bc389dc274e72]
[2024-06-27 02:03:04,124: WARNING: base_comm: No such comm: 87946243f2fc40eaa77bc389dc274e72]
[2024-06-27 02:03:04,140: WARNING: base_comm: No such comm: 89ee2a7927264cfc8fe4a857507e7689]
[2024-06-27 02:03:04,155: WARNING: base_comm: No such comm: 89ee2a7927264cfc8fe4a857507e7689]
[2024-06-27 02:03:04,171: WARNING: base_comm: No such comm: 89ee2a7927264cfc8fe4a857507e7689]
[2024-06-27 02:03:04,187: WARNING: base_comm: No such comm: 12d8cbc8c691484295dfee492f8db6e3]
[2024-06-27 02:03:04,218: WARNING: base_comm: No such comm: 12d8cbc8c691484295dfee492f8db6e3]
[2024-06-27 02:03:04,234: WARNING: base_comm: No such comm: 12d8cbc8c691484295dfee492f8db6e3]
[2024-06-27 08:27:52,669: INFO: utils: NumExpr defaulting to 8 threads.]
[2024-06-27 08:27:53,976: INFO: config: PyTorch version 1.12.1 available.]
[2024-06-27 08:28:01,901: INFO: main: >>>>>> stage Data Ingestion stage started <<<<<<]
[2024-06-27 08:28:01,919: INFO: common: yaml file: config\config.yaml loaded successfully]
[2024-06-27 08:28:01,950: INFO: common: yaml file: params.yaml loaded successfully]
[2024-06-27 08:28:01,955: INFO: common: created directory at: artifacts]
[2024-06-27 08:28:01,957: INFO: common: created directory at: artifacts/data_ingestion]
[2024-06-27 08:28:01,957: INFO: data_ingestion: File already exists of size: ~ 7718 KB]
[2024-06-27 08:28:02,535: INFO: main: >>>>>> stage Data Ingestion stage completed <<<<<<

x==========x]
[2024-06-27 08:28:02,535: INFO: main: >>>>>> stage Data Validation stage started <<<<<<]
[2024-06-27 08:28:02,550: INFO: common: yaml file: config\config.yaml loaded successfully]
[2024-06-27 08:28:02,562: INFO: common: yaml file: params.yaml loaded successfully]
[2024-06-27 08:28:02,565: INFO: common: created directory at: artifacts]
[2024-06-27 08:28:02,569: INFO: common: created directory at: artifacts/data_validation]
[2024-06-27 08:28:02,734: INFO: main: >>>>>> stage Data Validation stage completed <<<<<<

x==========x]
[2024-06-27 08:28:02,734: INFO: main: >>>>>> stage Data Transformation stage started <<<<<<]
[2024-06-27 08:28:02,750: INFO: common: yaml file: config\config.yaml loaded successfully]
[2024-06-27 08:28:02,762: INFO: common: yaml file: params.yaml loaded successfully]
[2024-06-27 08:28:02,766: INFO: common: created directory at: artifacts]
[2024-06-27 08:28:02,769: INFO: common: created directory at: artifacts/data_transformation]
[2024-06-27 08:28:12,350: INFO: main: >>>>>> stage Data Transformation stage completed <<<<<<

x==========x]
[2024-06-27 08:28:12,350: INFO: main: *******************]
[2024-06-27 08:28:12,350: INFO: main: >>>>>> stage Model Trainer stage started <<<<<<]
[2024-06-27 08:28:12,373: INFO: common: yaml file: config\config.yaml loaded successfully]
[2024-06-27 08:28:12,391: INFO: common: yaml file: params.yaml loaded successfully]
[2024-06-27 08:28:12,394: INFO: common: created directory at: artifacts]
[2024-06-27 08:28:12,399: INFO: common: created directory at: artifacts/model_trainer]
[2024-06-29 11:46:24,222: INFO: common: yaml file: config/config.yaml loaded successfully]
[2024-06-29 11:46:24,225: INFO: common: yaml file: params.yaml loaded successfully]
[2024-06-29 11:46:24,226: INFO: common: created directory at: artifacts]
[2024-06-29 11:46:24,226: INFO: common: created directory at: artifacts/data_ingestion]
[2024-06-29 11:46:26,787: INFO: 1434958058: artifacts/data_ingestion/data.zip download! with following info: 
Connection: close
Content-Length: 7903594
Cache-Control: max-age=300
Content-Security-Policy: default-src 'none'; style-src 'unsafe-inline'; sandbox
Content-Type: application/zip
ETag: "dbc016a060da18070593b83afff580c9b300f0b6ea4147a7988433e04df246ca"
Strict-Transport-Security: max-age=31536000
X-Content-Type-Options: nosniff
X-Frame-Options: deny
X-XSS-Protection: 1; mode=block
X-GitHub-Request-Id: D05C:558A6:20FAD6:29A2AE:667FA6B7
Accept-Ranges: bytes
Date: Sat, 29 Jun 2024 06:16:25 GMT
Via: 1.1 varnish
X-Served-By: cache-maa10236-MAA
X-Cache: MISS
X-Cache-Hits: 0
X-Timer: S1719641785.712569,VS0,VE990
Vary: Authorization,Accept-Encoding,Origin
Access-Control-Allow-Origin: *
Cross-Origin-Resource-Policy: cross-origin
X-Fastly-Request-ID: 9909363cdd556de069dd9cfdfc306de0c5c3336d
Expires: Sat, 29 Jun 2024 06:21:25 GMT
Source-Age: 1

]
